# JRE version: Java(TM) SE Runtime Environment (8.0_91-b14) (build 1.8.0_91-b14)
# Java VM: Java HotSpot(TM) 64-Bit Server VM (25.91-b14 mixed mode linux-amd64 compressed oops)
Heap:
 def new generation   total 20032K, used 7765K [0x00000000c2600000, 0x00000000c3bb0000, 0x00000000d6ea0000)
  eden space 17856K,  31% used [0x00000000c2600000, 0x00000000c2b75430, 0x00000000c3770000)
  from space 2176K, 100% used [0x00000000c3770000, 0x00000000c3990000, 0x00000000c3990000)
  to   space 2176K,   0% used [0x00000000c3990000, 0x00000000c3990000, 0x00000000c3bb0000)
 tenured generation   total 44248K, used 24053K [0x00000000d6ea0000, 0x00000000d99d6000, 0x0000000100000000)
   the space 44248K,  54% used [0x00000000d6ea0000, 0x00000000d861d4a8, 0x00000000d861d600, 0x00000000d99d6000)
 Metaspace       used 45139K, capacity 46462K, committed 46768K, reserved 1089536K
  class space    used 5551K, capacity 5963K, committed 6064K, reserved 1048576K
GC Heap History (10 events):
Event: 328.943 GC heap before
{Heap before GC invocations=113 (full 14):
 def new generation   total 20032K, used 20031K [0x00000000c2600000, 0x00000000c3bb0000, 0x00000000d6ea0000)
  eden space 17856K, 100% used [0x00000000c2600000, 0x00000000c3770000, 0x00000000c3770000)
  from space 2176K,  99% used [0x00000000c3990000, 0x00000000c3bafff8, 0x00000000c3bb0000)
  to   space 2176K,   0% used [0x00000000c3770000, 0x00000000c3770000, 0x00000000c3990000)
 tenured generation   total 44248K, used 29583K [0x00000000d6ea0000, 0x00000000d99d6000, 0x0000000100000000)
   the space 44248K,  66% used [0x00000000d6ea0000, 0x00000000d8b83e50, 0x00000000d8b84000, 0x00000000d99d6000)
 Metaspace       used 42239K, capacity 43520K, committed 43824K, reserved 1087488K
  class space    used 5130K, capacity 5558K, committed 5680K, reserved 1048576K
Event: 328.950 GC heap after
Heap after GC invocations=114 (full 14):
 def new generation   total 20032K, used 2176K [0x00000000c2600000, 0x00000000c3bb0000, 0x00000000d6ea0000)
  eden space 17856K,   0% used [0x00000000c2600000, 0x00000000c2600000, 0x00000000c3770000)
  from space 2176K, 100% used [0x00000000c3770000, 0x00000000c3990000, 0x00000000c3990000)
  to   space 2176K,   0% used [0x00000000c3990000, 0x00000000c3990000, 0x00000000c3bb0000)
 tenured generation   total 44248K, used 34406K [0x00000000d6ea0000, 0x00000000d99d6000, 0x0000000100000000)
   the space 44248K,  77% used [0x00000000d6ea0000, 0x00000000d9039bb0, 0x00000000d9039c00, 0x00000000d99d6000)
 Metaspace       used 42239K, capacity 43520K, committed 43824K, reserved 1087488K
  class space    used 5130K, capacity 5558K, committed 5680K, reserved 1048576K
}
Event: 329.024 GC heap before
{Heap before GC invocations=114 (full 14):
 def new generation   total 20032K, used 20032K [0x00000000c2600000, 0x00000000c3bb0000, 0x00000000d6ea0000)
  eden space 17856K, 100% used [0x00000000c2600000, 0x00000000c3770000, 0x00000000c3770000)
  from space 2176K, 100% used [0x00000000c3770000, 0x00000000c3990000, 0x00000000c3990000)
  to   space 2176K,   0% used [0x00000000c3990000, 0x00000000c3990000, 0x00000000c3bb0000)
 tenured generation   total 44248K, used 34406K [0x00000000d6ea0000, 0x00000000d99d6000, 0x0000000100000000)
   the space 44248K,  77% used [0x00000000d6ea0000, 0x00000000d9039bb0, 0x00000000d9039c00, 0x00000000d99d6000)
 Metaspace       used 42239K, capacity 43520K, committed 43824K, reserved 1087488K
  class space    used 5130K, capacity 5558K, committed 5680K, reserved 1048576K
Event: 329.032 GC heap after
Heap after GC invocations=115 (full 14):
 def new generation   total 20032K, used 2175K [0x00000000c2600000, 0x00000000c3bb0000, 0x00000000d6ea0000)
  eden space 17856K,   0% used [0x00000000c2600000, 0x00000000c2600000, 0x00000000c3770000)
  from space 2176K,  99% used [0x00000000c3990000, 0x00000000c3bafff8, 0x00000000c3bb0000)
  to   space 2176K,   0% used [0x00000000c3770000, 0x00000000c3770000, 0x00000000c3990000)
 tenured generation   total 44248K, used 39404K [0x00000000d6ea0000, 0x00000000d99d6000, 0x0000000100000000)
   the space 44248K,  89% used [0x00000000d6ea0000, 0x00000000d951b3a8, 0x00000000d951b400, 0x00000000d99d6000)
 Metaspace       used 42239K, capacity 43520K, committed 43824K, reserved 1087488K
  class space    used 5130K, capacity 5558K, committed 5680K, reserved 1048576K
}
Event: 329.180 GC heap before
{Heap before GC invocations=115 (full 14):
 def new generation   total 20032K, used 20031K [0x00000000c2600000, 0x00000000c3bb0000, 0x00000000d6ea0000)
  eden space 17856K, 100% used [0x00000000c2600000, 0x00000000c3770000, 0x00000000c3770000)
  from space 2176K,  99% used [0x00000000c3990000, 0x00000000c3bafff8, 0x00000000c3bb0000)
  to   space 2176K,   0% used [0x00000000c3770000, 0x00000000c3770000, 0x00000000c3990000)
 tenured generation   total 44248K, used 39404K [0x00000000d6ea0000, 0x00000000d99d6000, 0x0000000100000000)
   the space 44248K,  89% used [0x00000000d6ea0000, 0x00000000d951b3a8, 0x00000000d951b400, 0x00000000d99d6000)
 Metaspace       used 42240K, capacity 43520K, committed 43824K, reserved 1087488K
  class space    used 5130K, capacity 5558K, committed 5680K, reserved 1048576K
Event: 329.187 GC heap after
Heap after GC invocations=116 (full 14):
 def new generation   total 20032K, used 2175K [0x00000000c2600000, 0x00000000c3bb0000, 0x00000000d6ea0000)
  eden space 17856K,   0% used [0x00000000c2600000, 0x00000000c2600000, 0x00000000c3770000)
  from space 2176K,  99% used [0x00000000c3770000, 0x00000000c398fff8, 0x00000000c3990000)
  to   space 2176K,   0% used [0x00000000c3990000, 0x00000000c3990000, 0x00000000c3bb0000)
 tenured generation   total 44248K, used 43279K [0x00000000d6ea0000, 0x00000000d99d6000, 0x0000000100000000)
   the space 44248K,  97% used [0x00000000d6ea0000, 0x00000000d98e3c20, 0x00000000d98e3e00, 0x00000000d99d6000)
 Metaspace       used 42240K, capacity 43520K, committed 43824K, reserved 1087488K
  class space    used 5130K, capacity 5558K, committed 5680K, reserved 1048576K
}
Event: 329.398 GC heap before
{Heap before GC invocations=116 (full 14):
 def new generation   total 20032K, used 20031K [0x00000000c2600000, 0x00000000c3bb0000, 0x00000000d6ea0000)
  eden space 17856K, 100% used [0x00000000c2600000, 0x00000000c3770000, 0x00000000c3770000)
  from space 2176K,  99% used [0x00000000c3770000, 0x00000000c398fff8, 0x00000000c3990000)
  to   space 2176K,   0% used [0x00000000c3990000, 0x00000000c3990000, 0x00000000c3bb0000)
 tenured generation   total 44248K, used 43279K [0x00000000d6ea0000, 0x00000000d99d6000, 0x0000000100000000)
   the space 44248K,  97% used [0x00000000d6ea0000, 0x00000000d98e3c20, 0x00000000d98e3e00, 0x00000000d99d6000)
 Metaspace       used 42696K, capacity 43998K, committed 44080K, reserved 1087488K
  class space    used 5194K, capacity 5611K, committed 5680K, reserved 1048576K
Event: 329.523 GC heap after
Heap after GC invocations=117 (full 15):
 def new generation   total 20032K, used 0K [0x00000000c2600000, 0x00000000c3bb0000, 0x00000000d6ea0000)
  eden space 17856K,   0% used [0x00000000c2600000, 0x00000000c2600000, 0x00000000c3770000)
  from space 2176K,   0% used [0x00000000c3990000, 0x00000000c3990000, 0x00000000c3bb0000)
  to   space 2176K,   0% used [0x00000000c3770000, 0x00000000c3770000, 0x00000000c3990000)
 tenured generation   total 44248K, used 23715K [0x00000000d6ea0000, 0x00000000d99d6000, 0x0000000100000000)
   the space 44248K,  53% used [0x00000000d6ea0000, 0x00000000d85c8e80, 0x00000000d85c9000, 0x00000000d99d6000)
 Metaspace       used 42696K, capacity 43998K, committed 44080K, reserved 1087488K
  class space    used 5194K, capacity 5611K, committed 5680K, reserved 1048576K
}
Event: 330.949 GC heap before
{Heap before GC invocations=117 (full 15):
 def new generation   total 20032K, used 17856K [0x00000000c2600000, 0x00000000c3bb0000, 0x00000000d6ea0000)
  eden space 17856K, 100% used [0x00000000c2600000, 0x00000000c3770000, 0x00000000c3770000)
  from space 2176K,   0% used [0x00000000c3990000, 0x00000000c3990000, 0x00000000c3bb0000)
  to   space 2176K,   0% used [0x00000000c3770000, 0x00000000c3770000, 0x00000000c3990000)
 tenured generation   total 44248K, used 23715K [0x00000000d6ea0000, 0x00000000d99d6000, 0x0000000100000000)
   the space 44248K,  53% used [0x00000000d6ea0000, 0x00000000d85c8e80, 0x00000000d85c9000, 0x00000000d99d6000)
 Metaspace       used 44697K, capacity 46014K, committed 46128K, reserved 1089536K
  class space    used 5460K, capacity 5899K, committed 5936K, reserved 1048576K
Event: 330.953 GC heap after
Heap after GC invocations=118 (full 15):
 def new generation   total 20032K, used 2176K [0x00000000c2600000, 0x00000000c3bb0000, 0x00000000d6ea0000)
  eden space 17856K,   0% used [0x00000000c2600000, 0x00000000c2600000, 0x00000000c3770000)
  from space 2176K, 100% used [0x00000000c3770000, 0x00000000c3990000, 0x00000000c3990000)
  to   space 2176K,   0% used [0x00000000c3990000, 0x00000000c3990000, 0x00000000c3bb0000)
 tenured generation   total 44248K, used 24053K [0x00000000d6ea0000, 0x00000000d99d6000, 0x0000000100000000)
   the space 44248K,  54% used [0x00000000d6ea0000, 0x00000000d861d4a8, 0x00000000d861d600, 0x00000000d99d6000)
 Metaspace       used 44697K, capacity 46014K, committed 46128K, reserved 1089536K
  class space    used 5460K, capacity 5899K, committed 5936K, reserved 1048576K
}

